#
# There is insufficient memory for the Java Runtime Environment to continue.
# Native memory allocation (malloc) failed to allocate 32756 bytes for ChunkPool::allocate
# Possible reasons:
#   The system is out of physical RAM or swap space
#   In 32 bit mode, the process size limit was hit
# Possible solutions:
#   Reduce memory load on the system
#   Increase physical memory or swap space
#   Check if swap backing store is full
#   Use 64 bit Java on a 64 bit OS
#   Decrease Java heap size (-Xmx/-Xms)
#   Decrease number of Java threads
#   Decrease Java thread stack sizes (-Xss)
#   Set larger code cache with -XX:ReservedCodeCacheSize=
# This output file may be truncated or incomplete.
#
#  Out of Memory Error (allocation.cpp:273), pid=15204, tid=0x00003b84
#
# JRE version: Java(TM) SE Runtime Environment (8.0_191-b12) (build 1.8.0_191-b12)
# Java VM: Java HotSpot(TM) Client VM (25.191-b12 mixed mode windows-x86 )
# Failed to write core dump. Minidumps are not enabled by default on client versions of Windows
#

---------------  T H R E A D  ---------------

Current thread (0x25b92400):  JavaThread "C1 CompilerThread0" daemon [_thread_in_native, id=15236, stack(0x26080000,0x260d0000)]

Stack: [0x26080000,0x260d0000],  sp=0x260cf3cc,  free space=316k
Native frames: (J=compiled Java code, j=interpreted, Vv=VM code, C=native code)
V  [jvm.dll+0x1acfeb]
V  [jvm.dll+0x1a56c8]
V  [jvm.dll+0x8de91]
V  [jvm.dll+0x8e06d]
V  [jvm.dll+0x8e4e7]
V  [jvm.dll+0xa5fd4]
V  [jvm.dll+0x61c5f]
V  [jvm.dll+0x7770c]
V  [jvm.dll+0x2a595a]
V  [jvm.dll+0x2a5fff]
V  [jvm.dll+0x2a619d]
V  [jvm.dll+0x2a8b9e]
V  [jvm.dll+0x28d1a9]
V  [jvm.dll+0x28d27a]
V  [jvm.dll+0x28d3e8]
V  [jvm.dll+0x28d662]
V  [jvm.dll+0x7157a]
V  [jvm.dll+0x71d2f]
V  [jvm.dll+0x17f550]
V  [jvm.dll+0x17fdca]
V  [jvm.dll+0x1c57a6]
C  [msvcr100.dll+0x5c556]
C  [msvcr100.dll+0x5c600]
C  [KERNEL32.DLL+0x205c9]
C  [ntdll.dll+0x67c5d]
C  [ntdll.dll+0x67c2d]
C  0x00000000


Current CompileTask:
C1:   7180 1541   !         org.apache.batik.css.parser.Scanner::nextToken (3283 bytes)


---------------  P R O C E S S  ---------------

Java Threads: ( => current thread )
  0x283e2c00 JavaThread "DestroyJavaVM" [_thread_blocked, id=11828, stack(0x00fd0000,0x01020000)]
  0x283e3400 JavaThread "Timer-0" [_thread_blocked, id=14884, stack(0x2afa0000,0x2aff0000)]
  0x283de800 JavaThread "Thread-12" [_thread_in_native, id=6960, stack(0x2af10000,0x2af60000)]
  0x281ef000 JavaThread "Thread-11" [_thread_blocked, id=14128, stack(0x2ae80000,0x2aed0000)]
  0x281ee400 JavaThread "TimerQueue" daemon [_thread_blocked, id=10884, stack(0x2ad60000,0x2adb0000)]
  0x281ed000 JavaThread "Image Fetcher 0" daemon [_thread_blocked, id=14572, stack(0x2a810000,0x2a860000)]
  0x281ec400 JavaThread "AWT-EventQueue-0" [_thread_in_native, id=11056, stack(0x29080000,0x290d0000)]
  0x281ee800 JavaThread "AWT-Shutdown" [_thread_blocked, id=14080, stack(0x27a50000,0x27aa0000)]
  0x281ecc00 JavaThread "Image Fetcher 3" daemon [_thread_blocked, id=11552, stack(0x294b0000,0x29500000)]
  0x281ef800 JavaThread "Batik CleanerThread" daemon [_thread_blocked, id=9716, stack(0x29460000,0x294b0000)]
  0x281efc00 JavaThread "JmmDNS pool-3-thread-1" [_thread_blocked, id=16176, stack(0x292c0000,0x29310000)]
  0x281edc00 JavaThread "JmDNS(192-168-1-67.local.).State.Timer" [_thread_blocked, id=15408, stack(0x29230000,0x29280000)]
  0x281e7000 JavaThread "JmDNS(192-168-1-67.local.).Timer" daemon [_thread_blocked, id=14756, stack(0x291a0000,0x291f0000)]
  0x281da000 JavaThread "SocketListener(192-168-1-67.local.)" daemon [_thread_in_native, id=3436, stack(0x29110000,0x29160000)]
  0x280eec00 JavaThread "Multihomed mDNS.Timer" daemon [_thread_blocked, id=9392, stack(0x26920000,0x26970000)]
  0x2648a400 JavaThread "cc.arduino.packages.discoverers.serial.SerialDiscovery" [_thread_blocked, id=2320, stack(0x28d40000,0x28d90000)]
  0x264a3800 JavaThread "AWT-Windows" daemon [_thread_in_native, id=14036, stack(0x269b0000,0x26a00000)]
  0x264a1800 JavaThread "Java2D Disposer" daemon [_thread_blocked, id=13852, stack(0x26890000,0x268e0000)]
  0x25bb9400 JavaThread "Service Thread" daemon [_thread_blocked, id=12880, stack(0x26110000,0x26160000)]
=>0x25b92400 JavaThread "C1 CompilerThread0" daemon [_thread_in_native, id=15236, stack(0x26080000,0x260d0000)]
  0x25b90800 JavaThread "Attach Listener" daemon [_thread_blocked, id=13876, stack(0x25ff0000,0x26040000)]
  0x25b8ec00 JavaThread "Signal Dispatcher" daemon [_thread_blocked, id=16312, stack(0x25e30000,0x25e80000)]
  0x25b7b800 JavaThread "Finalizer" daemon [_thread_blocked, id=13804, stack(0x04920000,0x04970000)]
  0x25b75c00 JavaThread "Reference Handler" daemon [_thread_blocked, id=7912, stack(0x25da0000,0x25df0000)]

Other Threads:
  0x25b60400 VMThread [stack: 0x049a0000,0x049f0000] [id=14948]
  0x25b9c800 WatcherThread [stack: 0x261a0000,0x261f0000] [id=12412]

VM state:not at safepoint (normal execution)

VM Mutex/Monitor currently owned by a thread: None

Heap:
 def new generation   total 61312K, used 24549K [0x04a00000, 0x08c80000, 0x0f4a0000)
  eden space 54528K,  45% used [0x04a00000, 0x061f9598, 0x07f40000)
  from space 6784K,   0% used [0x085e0000, 0x085e0000, 0x08c80000)
  to   space 6784K,   0% used [0x07f40000, 0x07f40000, 0x085e0000)
 tenured generation   total 146544K, used 87925K [0x0f4a0000, 0x183bc000, 0x24a00000)
   the space 146544K,  59% used [0x0f4a0000, 0x14a7d710, 0x14a7d800, 0x183bc000)
 Metaspace       used 22256K, capacity 22763K, committed 22784K, reserved 22912K

Card table byte_map: [0x24a00000,0x24b10000] byte_map_base: 0x249db000

Polling page: 0x00a70000

CodeCache: size=32768Kb used=2858Kb max_used=2858Kb free=29909Kb
 bounds [0x02860000, 0x02b30000, 0x04860000]
 total_blobs=1789 nmethods=1506 adapters=213
 compilation: enabled

Compilation events (10 events):
Event: 7.131 Thread 0x25b92400 nmethod 1536 0x02b2a108 code [0x02b2a220, 0x02b2a34c]
Event: 7.133 Thread 0x25b92400 1537             org.apache.batik.dom.AbstractStylableDocument::getCSSEngine (5 bytes)
Event: 7.133 Thread 0x25b92400 nmethod 1537 0x02b2a448 code [0x02b2a540, 0x02b2a5c0]
Event: 7.134 Thread 0x25b92400 1538             org.apache.batik.bridge.CSSUtilities::getComputedStyle (22 bytes)
Event: 7.135 Thread 0x25b92400 nmethod 1538 0x02b2a608 code [0x02b2a730, 0x02b2a878]
Event: 7.135 Thread 0x25b92400 1539             org.apache.batik.bridge.CSSUtilities::getCSSEngine (13 bytes)
Event: 7.135 Thread 0x25b92400 nmethod 1539 0x02b2a9c8 code [0x02b2aad0, 0x02b2ab7c]
Event: 7.135 Thread 0x25b92400 1540             org.apache.batik.css.parser.Scanner::nextChar (94 bytes)
Event: 7.135 Thread 0x25b92400 nmethod 1540 0x02b2ac48 code [0x02b2ad60, 0x02b2afa8]
Event: 7.135 Thread 0x25b92400 1541   !         org.apache.batik.css.parser.Scanner::nextToken (3283 bytes)

GC Heap History (10 events):
Event: 2.376 GC heap before
{Heap before GC invocations=2 (full 0):
 def new generation   total 39296K, used 38709K [0x04a00000, 0x074a0000, 0x0f4a0000)
  eden space 34944K, 100% used [0x04a00000, 0x06c20000, 0x06c20000)
  from space 4352K,  86% used [0x06c20000, 0x06fcd728, 0x07060000)
  to   space 4352K,   0% used [0x07060000, 0x07060000, 0x074a0000)
 tenured generation   total 87424K, used 6145K [0x0f4a0000, 0x14a00000, 0x24a00000)
   the space 87424K,   7% used [0x0f4a0000, 0x0faa0400, 0x0faa0400, 0x14a00000)
 Metaspace       used 11159K, capacity 11394K, committed 11520K, reserved 11648K
Event: 2.479 GC heap after
Heap after GC invocations=3 (full 0):
 def new generation   total 39296K, used 4352K [0x04a00000, 0x074a0000, 0x0f4a0000)
  eden space 34944K,   0% used [0x04a00000, 0x04a00000, 0x06c20000)
  from space 4352K, 100% used [0x07060000, 0x074a0000, 0x074a0000)
  to   space 4352K,   0% used [0x06c20000, 0x06c20000, 0x07060000)
 tenured generation   total 87424K, used 34946K [0x0f4a0000, 0x14a00000, 0x24a00000)
   the space 87424K,  39% used [0x0f4a0000, 0x116c0a80, 0x116c0c00, 0x14a00000)
 Metaspace       used 11159K, capacity 11394K, committed 11520K, reserved 11648K
}
Event: 2.714 GC heap before
{Heap before GC invocations=3 (full 0):
 def new generation   total 39296K, used 39296K [0x04a00000, 0x074a0000, 0x0f4a0000)
  eden space 34944K, 100% used [0x04a00000, 0x06c20000, 0x06c20000)
  from space 4352K, 100% used [0x07060000, 0x074a0000, 0x074a0000)
  to   space 4352K,   0% used [0x06c20000, 0x06c20000, 0x07060000)
 tenured generation   total 87424K, used 34946K [0x0f4a0000, 0x14a00000, 0x24a00000)
   the space 87424K,  39% used [0x0f4a0000, 0x116c0a80, 0x116c0c00, 0x14a00000)
 Metaspace       used 11159K, capacity 11394K, committed 11520K, reserved 11648K
Event: 2.828 GC heap after
Heap after GC invocations=4 (full 0):
 def new generation   total 39296K, used 4352K [0x04a00000, 0x074a0000, 0x0f4a0000)
  eden space 34944K,   0% used [0x04a00000, 0x04a00000, 0x06c20000)
  from space 4352K, 100% used [0x06c20000, 0x07060000, 0x07060000)
  to   space 4352K,   0% used [0x07060000, 0x07060000, 0x074a0000)
 tenured generation   total 87424K, used 68404K [0x0f4a0000, 0x14a00000, 0x24a00000)
   the space 87424K,  78% used [0x0f4a0000, 0x1376d288, 0x1376d400, 0x14a00000)
 Metaspace       used 11159K, capacity 11394K, committed 11520K, reserved 11648K
}
Event: 3.469 GC heap before
{Heap before GC invocations=4 (full 0):
 def new generation   total 39296K, used 20387K [0x04a00000, 0x074a0000, 0x0f4a0000)
  eden space 34944K,  45% used [0x04a00000, 0x059a8e88, 0x06c20000)
  from space 4352K, 100% used [0x06c20000, 0x07060000, 0x07060000)
  to   space 4352K,   0% used [0x07060000, 0x07060000, 0x074a0000)
 tenured generation   total 87424K, used 68404K [0x0f4a0000, 0x14a00000, 0x24a00000)
   the space 87424K,  78% used [0x0f4a0000, 0x1376d288, 0x1376d400, 0x14a00000)
 Metaspace       used 11995K, capacity 12254K, committed 12288K, reserved 12672K
Event: 3.638 GC heap after
Heap after GC invocations=5 (full 1):
 def new generation   total 61312K, used 0K [0x04a00000, 0x08c80000, 0x0f4a0000)
  eden space 54528K,   0% used [0x04a00000, 0x04a00000, 0x07f40000)
  from space 6784K,   0% used [0x07f40000, 0x07f40000, 0x085e0000)
  to   space 6784K,   0% used [0x085e0000, 0x085e0000, 0x08c80000)
 tenured generation   total 136104K, used 81661K [0x0f4a0000, 0x1798a000, 0x24a00000)
   the space 136104K,  59% used [0x0f4a0000, 0x1445f418, 0x1445f600, 0x1798a000)
 Metaspace       used 11995K, capacity 12254K, committed 12288K, reserved 12672K
}
Event: 5.678 GC heap before
{Heap before GC invocations=5 (full 1):
 def new generation   total 61312K, used 54528K [0x04a00000, 0x08c80000, 0x0f4a0000)
  eden space 54528K, 100% used [0x04a00000, 0x07f40000, 0x07f40000)
  from space 6784K,   0% used [0x07f40000, 0x07f40000, 0x085e0000)
  to   space 6784K,   0% used [0x085e0000, 0x085e0000, 0x08c80000)
 tenured generation   total 136104K, used 81661K [0x0f4a0000, 0x1798a000, 0x24a00000)
   the space 136104K,  59% used [0x0f4a0000, 0x1445f418, 0x1445f600, 0x1798a000)
 Metaspace       used 17723K, capacity 18163K, committed 18176K, reserved 18816K
Event: 5.713 GC heap after
Heap after GC invocations=6 (full 1):
 def new generation   total 61312K, used 6784K [0x04a00000, 0x08c80000, 0x0f4a0000)
  eden space 54528K,   0% used [0x04a00000, 0x04a00000, 0x07f40000)
  from space 6784K, 100% used [0x085e0000, 0x08c80000, 0x08c80000)
  to   space 6784K,   0% used [0x07f40000, 0x07f40000, 0x085e0000)
 tenured generation   total 136104K, used 82308K [0x0f4a0000, 0x1798a000, 0x24a00000)
   the space 136104K,  60% used [0x0f4a0000, 0x145013f0, 0x14501400, 0x1798a000)
 Metaspace       used 17723K, capacity 18163K, committed 18176K, reserved 18816K
}
Event: 6.135 GC heap before
{Heap before GC invocations=6 (full 1):
 def new generation   total 61312K, used 22290K [0x04a00000, 0x08c80000, 0x0f4a0000)
  eden space 54528K,  28% used [0x04a00000, 0x05924b00, 0x07f40000)
  from space 6784K, 100% used [0x085e0000, 0x08c80000, 0x08c80000)
  to   space 6784K,   0% used [0x07f40000, 0x07f40000, 0x085e0000)
 tenured generation   total 136104K, used 82308K [0x0f4a0000, 0x1798a000, 0x24a00000)
   the space 136104K,  60% used [0x0f4a0000, 0x145013f0, 0x14501400, 0x1798a000)
 Metaspace       used 20008K, capacity 20453K, committed 20480K, reserved 20864K
Event: 6.362 GC heap after
Heap after GC invocations=7 (full 2):
 def new generation   total 61312K, used 0K [0x04a00000, 0x08c80000, 0x0f4a0000)
  eden space 54528K,   0% used [0x04a00000, 0x04a00000, 0x07f40000)
  from space 6784K,   0% used [0x085e0000, 0x085e0000, 0x08c80000)
  to   space 6784K,   0% used [0x07f40000, 0x07f40000, 0x085e0000)
 tenured generation   total 146544K, used 87925K [0x0f4a0000, 0x183bc000, 0x24a00000)
   the space 146544K,  59% used [0x0f4a0000, 0x14a7d710, 0x14a7d800, 0x183bc000)
 Metaspace       used 20008K, capacity 20453K, committed 20480K, reserved 20864K
}

Deoptimization events (0 events):
No events

Classes redefined (0 events):
No events

Internal exceptions (10 events):
Event: 4.717 Thread 0x00c2ec00 Exception <a 'sun/nio/fs/WindowsException'> (0x06e9ec78) thrown at [C:\workspace\8-2-build-windows-i586-cygwin\jdk8u191\11896\hotspot\src\share\vm\prims\jni.cpp, line 709]
Event: 4.717 Thread 0x00c2ec00 Exception <a 'sun/nio/fs/WindowsException'> (0x06e9f298) thrown at [C:\workspace\8-2-build-windows-i586-cygwin\jdk8u191\11896\hotspot\src\share\vm\prims\jni.cpp, line 709]
Event: 4.718 Thread 0x00c2ec00 Exception <a 'sun/nio/fs/WindowsException'> (0x06ea8a50) thrown at [C:\workspace\8-2-build-windows-i586-cygwin\jdk8u191\11896\hotspot\src\share\vm\prims\jni.cpp, line 709]
Event: 4.718 Thread 0x00c2ec00 Exception <a 'sun/nio/fs/WindowsException'> (0x06ea9048) thrown at [C:\workspace\8-2-build-windows-i586-cygwin\jdk8u191\11896\hotspot\src\share\vm\prims\jni.cpp, line 709]
Event: 4.720 Thread 0x00c2ec00 Exception <a 'sun/nio/fs/WindowsException'> (0x06eb3118) thrown at [C:\workspace\8-2-build-windows-i586-cygwin\jdk8u191\11896\hotspot\src\share\vm\prims\jni.cpp, line 709]
Event: 4.720 Thread 0x00c2ec00 Exception <a 'sun/nio/fs/WindowsException'> (0x06eb3788) thrown at [C:\workspace\8-2-build-windows-i586-cygwin\jdk8u191\11896\hotspot\src\share\vm\prims\jni.cpp, line 709]
Event: 4.721 Thread 0x00c2ec00 Exception <a 'sun/nio/fs/WindowsException'> (0x06ebd528) thrown at [C:\workspace\8-2-build-windows-i586-cygwin\jdk8u191\11896\hotspot\src\share\vm\prims\jni.cpp, line 709]
Event: 4.721 Thread 0x00c2ec00 Exception <a 'sun/nio/fs/WindowsException'> (0x06ebdb20) thrown at [C:\workspace\8-2-build-windows-i586-cygwin\jdk8u191\11896\hotspot\src\share\vm\prims\jni.cpp, line 709]
Event: 4.722 Thread 0x00c2ec00 Exception <a 'sun/nio/fs/WindowsException'> (0x06ec7630) thrown at [C:\workspace\8-2-build-windows-i586-cygwin\jdk8u191\11896\hotspot\src\share\vm\prims\jni.cpp, line 709]
Event: 4.722 Thread 0x00c2ec00 Exception <a 'sun/nio/fs/WindowsException'> (0x06ec7c38) thrown at [C:\workspace\8-2-build-windows-i586-cygwin\jdk8u191\11896\hotspot\src\share\vm\prims\jni.cpp, line 709]

Events (10 events):
Event: 7.119 loading class org/apache/batik/anim/dom/SVGOMAnimatedTransformList$AnimSVGTransformList
Event: 7.119 loading class org/apache/batik/anim/dom/SVGOMAnimatedTransformList$AnimSVGTransformList done
Event: 7.120 loading class java/awt/geom/Ellipse2D$Float
Event: 7.120 loading class java/awt/geom/Ellipse2D
Event: 7.120 loading class java/awt/geom/Ellipse2D done
Event: 7.120 loading class java/awt/geom/Ellipse2D$Float done
Event: 7.147 loading class org/apache/batik/dom/svg/SVGOMMatrix
Event: 7.147 loading class org/apache/batik/dom/svg/SVGOMMatrix done
Event: 7.148 loading class org/apache/batik/dom/svg/AbstractSVGMatrix
Event: 7.148 loading class org/apache/batik/dom/svg/AbstractSVGMatrix done


Dynamic libraries:
0x01320000 - 0x01353000 	C:\Program Files (x86)\Arduino\java\bin\javaw.exe
0x77150000 - 0x772ed000 	C:\Windows\SYSTEM32\ntdll.dll
0x74cb0000 - 0x74d90000 	C:\Windows\System32\KERNEL32.DLL
0x76d70000 - 0x76f72000 	C:\Windows\System32\KERNELBASE.dll
0x74b70000 - 0x74bf1000 	C:\Windows\System32\ADVAPI32.dll
0x76010000 - 0x760d0000 	C:\Windows\System32\msvcrt.dll
0x74790000 - 0x7480a000 	C:\Windows\System32\sechost.dll
0x74840000 - 0x748fb000 	C:\Windows\System32\RPCRT4.dll
0x74770000 - 0x74790000 	C:\Windows\System32\SspiCli.dll
0x74760000 - 0x7476a000 	C:\Windows\System32\CRYPTBASE.dll
0x760d0000 - 0x76135000 	C:\Windows\System32\bcryptPrimitives.dll
0x74c90000 - 0x74ca9000 	C:\Windows\System32\bcrypt.dll
0x74ff0000 - 0x7518a000 	C:\Windows\System32\USER32.dll
0x75820000 - 0x75837000 	C:\Windows\System32\win32u.dll
0x76c40000 - 0x76c63000 	C:\Windows\System32\GDI32.dll
0x75e90000 - 0x76001000 	C:\Windows\System32\gdi32full.dll
0x74af0000 - 0x74b70000 	C:\Windows\System32\msvcp_win.dll
0x74900000 - 0x74a23000 	C:\Windows\System32\ucrtbase.dll
0x72780000 - 0x7298f000 	C:\Windows\WinSxS\x86_microsoft.windows.common-controls_6595b64144ccf1df_6.0.17763.6293_none_2623e0c967c289d0\COMCTL32.dll
0x76140000 - 0x763b0000 	C:\Windows\System32\combase.dll
0x757f0000 - 0x75815000 	C:\Windows\System32\IMM32.DLL
0x726c0000 - 0x7277f000 	C:\Program Files (x86)\Arduino\java\bin\msvcr100.dll
0x722e0000 - 0x726b3000 	C:\Program Files (x86)\Arduino\java\bin\client\jvm.dll
0x76ac0000 - 0x76ac6000 	C:\Windows\System32\PSAPI.DLL
0x74670000 - 0x74678000 	C:\Windows\SYSTEM32\VERSION.dll
0x722a0000 - 0x722c4000 	C:\Windows\SYSTEM32\WINMM.dll
0x722d0000 - 0x722d8000 	C:\Windows\SYSTEM32\WSOCK32.dll
0x770e0000 - 0x7713f000 	C:\Windows\System32\WS2_32.dll
0x72270000 - 0x72293000 	C:\Windows\SYSTEM32\WINMMBASE.dll
0x76a50000 - 0x76a8b000 	C:\Windows\System32\cfgmgr32.dll
0x72240000 - 0x72270000 	C:\Program Files (x86)\Arduino\java\bin\splashscreen.dll
0x71e00000 - 0x71e7b000 	C:\Windows\system32\uxtheme.dll
0x72230000 - 0x7223c000 	C:\Program Files (x86)\Arduino\java\bin\verify.dll
0x74db0000 - 0x74eeb000 	C:\Windows\System32\MSCTF.dll
0x75190000 - 0x75226000 	C:\Windows\System32\OLEAUT32.dll
0x71dd0000 - 0x71df2000 	C:\Program Files (x86)\Arduino\java\bin\java.dll
0x71db0000 - 0x71dc4000 	C:\Program Files (x86)\Arduino\java\bin\zip.dll
0x770d0000 - 0x770df000 	C:\Windows\System32\kernel.appcore.dll
0x71d30000 - 0x71dad000 	C:\Windows\System32\TextInputFramework.dll
0x71ac0000 - 0x71d2b000 	C:\Windows\System32\CoreUIComponents.dll
0x71a30000 - 0x71ac0000 	C:\Windows\System32\CoreMessaging.dll
0x74c00000 - 0x74c89000 	C:\Windows\System32\SHCORE.dll
0x71950000 - 0x71a29000 	C:\Windows\SYSTEM32\wintypes.dll
0x721a0000 - 0x721c9000 	C:\Windows\SYSTEM32\ntmarta.dll
0x71920000 - 0x71946000 	C:\Windows\system32\dwmapi.dll
0x76890000 - 0x76a4a000 	C:\Windows\System32\CRYPT32.dll
0x77070000 - 0x7707e000 	C:\Windows\System32\MSASN1.dll
0x74d90000 - 0x74da5000 	C:\Windows\System32\CRYPTSP.dll
0x75230000 - 0x75786000 	C:\Windows\System32\SHELL32.dll
0x75840000 - 0x75e3d000 	C:\Windows\System32\windows.storage.dll
0x76a90000 - 0x76aac000 	C:\Windows\System32\profapi.dll
0x77010000 - 0x77064000 	C:\Windows\System32\powrprof.dll
0x77080000 - 0x770c4000 	C:\Windows\System32\shlwapi.dll
0x61940000 - 0x619b3000 	C:\Program Files (x86)\Arduino\lib\listSerialsj.dll
0x763b0000 - 0x767fb000 	C:\Windows\System32\SETUPAPI.dll
0x71900000 - 0x7191d000 	C:\Program Files (x86)\Arduino\lib\jnidispatch-4.2.2-win32-x86.dll
0x74ef0000 - 0x74fec000 	C:\Windows\System32\Ole32.dll
0x718e0000 - 0x718f5000 	C:\Program Files (x86)\Arduino\java\bin\net.dll
0x71fd0000 - 0x72022000 	C:\Windows\system32\mswsock.dll
0x718d0000 - 0x718df000 	C:\Program Files (x86)\Arduino\java\bin\nio.dll
0x71780000 - 0x718c7000 	C:\Program Files (x86)\Arduino\java\bin\awt.dll
0x716e0000 - 0x7177c000 	C:\Windows\SYSTEM32\apphelp.dll
0x716a0000 - 0x716d9000 	C:\Program Files (x86)\Arduino\java\bin\fontmanager.dll
0x715c0000 - 0x71699000 	C:\Windows\system32\opengl32.dll
0x71580000 - 0x715bf000 	C:\Windows\SYSTEM32\GLU32.dll
0x71540000 - 0x71572000 	C:\Program Files (x86)\Arduino\java\bin\t2k.dll
0x71520000 - 0x71531000 	C:\Windows\system32\napinsp.dll
0x71500000 - 0x71516000 	C:\Windows\system32\pnrpnsp.dll
0x71f30000 - 0x71fc1000 	C:\Windows\SYSTEM32\DNSAPI.dll
0x74830000 - 0x74837000 	C:\Windows\System32\NSI.dll
0x71ef0000 - 0x71f23000 	C:\Windows\SYSTEM32\IPHLPAPI.DLL
0x714f0000 - 0x714fb000 	C:\Windows\System32\winrnr.dll
0x714d0000 - 0x714e6000 	C:\Windows\system32\NLAapi.dll
0x714c0000 - 0x714d0000 	C:\Windows\system32\wshbth.dll
0x71e80000 - 0x71ed1000 	C:\Windows\System32\fwpuclnt.dll
0x71ee0000 - 0x71ee8000 	C:\Windows\System32\rasadhlp.dll
0x714a0000 - 0x714b3000 	C:\Windows\SYSTEM32\dhcpcsvc6.DLL
0x71480000 - 0x71494000 	C:\Windows\SYSTEM32\dhcpcsvc.DLL
0x71470000 - 0x7147a000 	C:\Program Files (x86)\Arduino\java\bin\management.dll
0x70aa0000 - 0x70ac3000 	C:\Windows\SYSTEM32\DEVOBJ.dll
0x75e40000 - 0x75e8b000 	C:\Windows\System32\WINTRUST.dll
0x71400000 - 0x71469000 	C:\Program Files (x86)\Arduino\msvcp100.dll
0x71340000 - 0x713fe000 	C:\Program Files (x86)\Arduino\msvcr100.dll
0x27b50000 - 0x27b82000 	C:\Program Files (x86)\Arduino\lib\AStylej.dll
0x71310000 - 0x71334000 	C:\Program Files (x86)\Arduino\java\bin\dcpr.dll
0x76f80000 - 0x77004000 	C:\Windows\System32\clbcatq.dll
0x71190000 - 0x71301000 	C:\Windows\SYSTEM32\WindowsCodecs.dll
0x71140000 - 0x7118d000 	C:\Windows\system32\dataexchange.dll
0x70f10000 - 0x71138000 	C:\Windows\system32\d3d11.dll
0x70db0000 - 0x70f10000 	C:\Windows\system32\dcomp.dll
0x70d00000 - 0x70da4000 	C:\Windows\system32\dxgi.dll
0x70b50000 - 0x70cf2000 	C:\Windows\system32\twinapi.appcore.dll
0x70b30000 - 0x70b4e000 	C:\Windows\system32\RMCLIENT.dll
0x70b10000 - 0x70b30000 	C:\Program Files (x86)\Arduino\java\bin\sunec.dll

VM Arguments:
jvm_args: -Dsun.java2d.d3d=false -Djna.nosys=true -Djna.nounpack=true -Djna.boot.library.name=jnidispatch-4.2.2-win32-x86 -Djna.boot.library.path=C:\Program Files (x86)\Arduino/lib -Djssc.library.path=C:\Program Files (x86)\Arduino/lib -DAPP_DIR=C:\Program Files (x86)\Arduino -Xms128M -Xmx512M -Dfile.encoding=UTF8 -Djava.net.preferIPv4Stack=true 
java_command: processing.app.Base C:\Users\Mario\Documents\Arduino\proyectoConMarcador\proyectoConMarcador.ino
java_class_path (initial): C:\Program Files (x86)\Arduino\lib\apple.jar;C:\Program Files (x86)\Arduino\lib\arduino-core.jar;C:\Program Files (x86)\Arduino\lib\batik-1.8.jar;C:\Program Files (x86)\Arduino\lib\batik-anim-1.8.jar;C:\Program Files (x86)\Arduino\lib\batik-awt-util-1.8.jar;C:\Program Files (x86)\Arduino\lib\batik-bridge-1.8.jar;C:\Program Files (x86)\Arduino\lib\batik-codec-1.8.jar;C:\Program Files (x86)\Arduino\lib\batik-css-1.8.jar;C:\Program Files (x86)\Arduino\lib\batik-dom-1.8.jar;C:\Program Files (x86)\Arduino\lib\batik-ext-1.8.jar;C:\Program Files (x86)\Arduino\lib\batik-gvt-1.8.jar;C:\Program Files (x86)\Arduino\lib\batik-parser-1.8.jar;C:\Program Files (x86)\Arduino\lib\batik-rasterizer-1.8.jar;C:\Program Files (x86)\Arduino\lib\batik-script-1.8.jar;C:\Program Files (x86)\Arduino\lib\batik-squiggle-1.8.jar;C:\Program Files (x86)\Arduino\lib\batik-svg-dom-1.8.jar;C:\Program Files (x86)\Arduino\lib\batik-svgpp-1.8.jar;C:\Program Files (x86)\Arduino\lib\batik-transcoder-1.8.jar;C:\Program Files (x86)\Arduino\lib\batik-util-1.8.jar;C:\Program Files (x86)\Arduino\lib\batik-xml-1.8.jar;C:\Program Files (x86)\Arduino\lib\bcpg-jdk15on-152.jar;C:\Program Files (x86)\Arduino\lib\bcprov-jdk15on-152.jar;C:\Program Files (x86)\Arduino\lib\commons-codec-1.7.jar;C:\Program Files (x86)\Arduino\lib\commons-compress-1.8.jar;C:\Program Files (x86)\Arduino\lib\commons-exec-1.1.jar;C:\Program Files (x86)\Arduino\lib\commons-httpclient-3.1.jar;C:\Program Files (x86)\Arduino\lib\commons-lang3-3.8.1.jar;C:\Program Files (x86)\Arduino\lib\commons-logging-1.0.4.jar;C:\Program Files (x86)\Arduino\lib\commons-net-3.3.jar;C:\Program Files (x86)\Arduino\lib\commons-io-2.6.jar;C:\Program Files (x86)\Arduino\lib\jackson-annotations-2.9.5.jar;C:\Program Files (x86)\Arduino\lib\jackson-core-2.9.5.jar;C:\Program Files (x86)\Arduino\lib\jackson-databind-2.9.5.jar;C:\Program Files (x86)\Arduino\lib\java-semver-0.8.0.jar;C:\Program Files (x86)\Arduino\lib\jmdns-3.5.5.jar;C:\Program
Launcher Type: SUN_STANDARD

Environment Variables:
PATH=C:\Windows\system32;C:\Windows;C:\Windows\System32\Wbem;C:\Windows\System32\WindowsPowerShell\v1.0\;C:\Windows\System32\OpenSSH\;C:\Program Files\Git\cmd;C:\Program Files\PuTTY\;C:\Program Files\nodejs\;C:\Users\Mario\AppData\Local\Microsoft\WindowsApps;C:\Users\Mario\AppData\Local\Programs\Microsoft VS Code\bin;C:\Users\Mario\AppData\Roaming\npm;C:\Program Files (x86)\Arduino\java\bin
USERNAME=Mario
OS=Windows_NT
PROCESSOR_IDENTIFIER=AMD64 Family 21 Model 96 Stepping 1, AuthenticAMD



---------------  S Y S T E M  ---------------

OS: Windows 10.0 , 64 bit Build 17763 (10.0.17763.6292)

CPU:total 4 (initial active 4) (4 cores per cpu, 1 threads per core) family 21 model 96 stepping 1, cmov, cx8, fxsr, mmx, sse, sse2, sse3, ssse3, sse4.1, sse4.2, popcnt, avx, avx2, aes, clmul, mmxext, 3dnowpref, lzcnt, sse4a, tsc, tscinvbit, tscinv, bmi1

Memory: 4k page, physical 7824632k(3705712k free), swap 31941880k(3052k free)

vm_info: Java HotSpot(TM) Client VM (25.191-b12) for windows-x86 JRE (1.8.0_191-b12), built on Oct  6 2018 08:34:23 by "java_re" with MS VC++ 10.0 (VS2010)

time: Fri Sep 13 22:41:57 2024
elapsed time: 7 seconds (0d 0h 0m 7s)

